build/app/intermediates/manifest_merge_blame_file/debug/manifest-merger-blame-debug-report.txt
1<?xml version="1.0" encoding="utf-8"?>
2<manifest xmlns:android="http://schemas.android.com/apk/res/android"
3    package="com.example.booknowshow"
4    android:versionCode="1"
5    android:versionName="1.0.0" >
6
7    <uses-sdk
8        android:minSdkVersion="20"
9        android:targetSdkVersion="31" />
10    <!--
11         The INTERNET permission is required for development. Specifically,
12         the Flutter tool needs it to communicate with the running application
13         to allow setting breakpoints, to provide hot reload, etc.
14    -->
15    <uses-permission android:name="android.permission.INTERNET" />
15-->src\debug\AndroidManifest.xml:7:5-66
15-->src\debug\AndroidManifest.xml:7:22-64
16    <uses-permission android:name="android.permission.ACCESS_COARSE_LOCATION" />
16-->[:location] AndroidManifest.xml:9:5-81
16-->[:location] AndroidManifest.xml:9:22-78
17    <uses-permission android:name="android.permission.ACCESS_FINE_LOCATION" />
17-->[:location] AndroidManifest.xml:10:5-79
17-->[:location] AndroidManifest.xml:10:22-76
18    <uses-permission android:name="android.permission.ACCESS_NETWORK_STATE" />
18-->[com.google.firebase:firebase-auth:21.0.7] AndroidManifest.xml:24:5-79
18-->[com.google.firebase:firebase-auth:21.0.7] AndroidManifest.xml:24:22-76
19
20    <queries>
20-->[com.razorpay:checkout:1.6.19] AndroidManifest.xml:11:5-37:15
21        <intent>
21-->[com.razorpay:checkout:1.6.19] AndroidManifest.xml:12:9-18:18
22            <action android:name="android.intent.action.VIEW" />
22-->[com.google.firebase:firebase-auth:21.0.7] AndroidManifest.xml:34:17-69
22-->[com.google.firebase:firebase-auth:21.0.7] AndroidManifest.xml:34:25-66
23
24            <data
24-->[com.google.firebase:firebase-auth:21.0.7] AndroidManifest.xml:39:17-42:51
25                android:mimeType="*/*"
26                android:scheme="*" />
26-->[com.google.firebase:firebase-auth:21.0.7] AndroidManifest.xml:42:21-48
27        </intent>
28        <intent>
28-->[com.razorpay:checkout:1.6.19] AndroidManifest.xml:19:9-28:18
29            <action android:name="android.intent.action.VIEW" />
29-->[com.google.firebase:firebase-auth:21.0.7] AndroidManifest.xml:34:17-69
29-->[com.google.firebase:firebase-auth:21.0.7] AndroidManifest.xml:34:25-66
30
31            <category android:name="android.intent.category.BROWSABLE" />
31-->[com.google.firebase:firebase-auth:21.0.7] AndroidManifest.xml:37:17-78
31-->[com.google.firebase:firebase-auth:21.0.7] AndroidManifest.xml:37:27-75
32
33            <data
33-->[com.google.firebase:firebase-auth:21.0.7] AndroidManifest.xml:39:17-42:51
34                android:host="pay"
34-->[com.google.firebase:firebase-auth:21.0.7] AndroidManifest.xml:40:21-49
35                android:mimeType="*/*"
36                android:scheme="upi" />
36-->[com.google.firebase:firebase-auth:21.0.7] AndroidManifest.xml:42:21-48
37        </intent>
38        <intent>
38-->[com.razorpay:checkout:1.6.19] AndroidManifest.xml:29:9-31:18
39            <action android:name="android.intent.action.MAIN" />
39-->[com.razorpay:checkout:1.6.19] AndroidManifest.xml:30:13-65
39-->[com.razorpay:checkout:1.6.19] AndroidManifest.xml:30:21-62
40        </intent>
41        <intent>
41-->[com.razorpay:checkout:1.6.19] AndroidManifest.xml:32:9-36:18
42            <action android:name="android.intent.action.SEND" />
42-->[com.razorpay:checkout:1.6.19] AndroidManifest.xml:33:13-65
42-->[com.razorpay:checkout:1.6.19] AndroidManifest.xml:33:21-62
43
44            <data android:mimeType="*/*" />
44-->[com.google.firebase:firebase-auth:21.0.7] AndroidManifest.xml:39:17-42:51
45        </intent>
46        <!-- Needs to be explicitly declared on Android R+ -->
47        <package android:name="com.google.android.apps.maps" />
47-->[com.google.android.gms:play-services-maps:18.0.2] AndroidManifest.xml:33:9-64
47-->[com.google.android.gms:play-services-maps:18.0.2] AndroidManifest.xml:33:18-61
48    </queries>
49
50    <uses-feature
50-->[com.google.android.gms:play-services-maps:18.0.2] AndroidManifest.xml:26:5-28:35
51        android:glEsVersion="0x00020000"
51-->[com.google.android.gms:play-services-maps:18.0.2] AndroidManifest.xml:27:9-41
52        android:required="true" />
52-->[com.google.android.gms:play-services-maps:18.0.2] AndroidManifest.xml:28:9-32
53
54    <application
55        android:name="android.app.Application"
56        android:appComponentFactory="androidx.core.app.CoreComponentFactory"
56-->[androidx.core:core:1.6.0] AndroidManifest.xml:24:18-86
57        android:debuggable="true"
58        android:icon="@mipmap/ic_launcher"
59        android:label="booknowshow" >
60        <activity
61            android:name="com.example.booknowshow.MainActivity"
62            android:configChanges="orientation|keyboardHidden|keyboard|screenSize|smallestScreenSize|locale|layoutDirection|fontScale|screenLayout|density|uiMode"
63            android:exported="true"
64            android:hardwareAccelerated="true"
65            android:launchMode="singleTop"
66            android:theme="@style/LaunchTheme"
67            android:windowSoftInputMode="adjustResize" >
68
69            <!--
70                 Specifies an Android theme to apply to this Activity as soon as
71                 the Android process has started. This theme is visible to the user
72                 while the Flutter UI initializes. After that, this theme continues
73                 to determine the Window background behind the Flutter UI.
74            -->
75            <meta-data
76                android:name="io.flutter.embedding.android.NormalTheme"
77                android:resource="@style/NormalTheme" />
78
79            <intent-filter>
80                <action android:name="android.intent.action.MAIN" />
80-->[com.razorpay:checkout:1.6.19] AndroidManifest.xml:30:13-65
80-->[com.razorpay:checkout:1.6.19] AndroidManifest.xml:30:21-62
81
82                <category android:name="android.intent.category.LAUNCHER" />
83            </intent-filter>
84        </activity>
85        <!--
86             Don't delete the meta-data below.
87             This is used by the Flutter tool to generate GeneratedPluginRegistrant.java
88        -->
89        <meta-data
90            android:name="flutterEmbedding"
91            android:value="2" />
92
93        <service
93-->[:firebase_auth] AndroidManifest.xml:10:9-14:19
94            android:name="com.google.firebase.components.ComponentDiscoveryService"
94-->[:firebase_auth] AndroidManifest.xml:10:18-89
95            android:directBootAware="true"
95-->[com.google.firebase:firebase-common:20.1.1] AndroidManifest.xml:35:13-43
96            android:exported="false" >
96-->[com.google.firebase:firebase-auth:21.0.7] AndroidManifest.xml:66:13-37
97            <meta-data
97-->[:firebase_auth] AndroidManifest.xml:11:13-13:85
98                android:name="com.google.firebase.components:io.flutter.plugins.firebase.auth.FlutterFirebaseAuthRegistrar"
98-->[:firebase_auth] AndroidManifest.xml:12:17-124
99                android:value="com.google.firebase.components.ComponentRegistrar" />
99-->[:firebase_auth] AndroidManifest.xml:13:17-82
100            <meta-data
100-->[:firebase_core] AndroidManifest.xml:11:13-13:85
101                android:name="com.google.firebase.components:io.flutter.plugins.firebase.core.FlutterFirebaseCoreRegistrar"
101-->[:firebase_core] AndroidManifest.xml:12:17-124
102                android:value="com.google.firebase.components.ComponentRegistrar" />
102-->[:firebase_core] AndroidManifest.xml:13:17-82
103            <meta-data
103-->[com.google.firebase:firebase-auth:21.0.7] AndroidManifest.xml:67:13-69:85
104                android:name="com.google.firebase.components:com.google.firebase.auth.FirebaseAuthRegistrar"
104-->[com.google.firebase:firebase-auth:21.0.7] AndroidManifest.xml:68:17-109
105                android:value="com.google.firebase.components.ComponentRegistrar" />
105-->[com.google.firebase:firebase-auth:21.0.7] AndroidManifest.xml:69:17-82
106        </service>
107        <service
107-->[:location] AndroidManifest.xml:13:9-17:56
108            android:name="com.lyokone.location.FlutterLocationService"
108-->[:location] AndroidManifest.xml:14:13-71
109            android:enabled="true"
109-->[:location] AndroidManifest.xml:15:13-35
110            android:exported="false"
110-->[:location] AndroidManifest.xml:16:13-37
111            android:foregroundServiceType="location" />
111-->[:location] AndroidManifest.xml:17:13-53
112
113        <uses-library
113-->[androidx.window:window:1.0.0-beta04] AndroidManifest.xml:25:9-27:40
114            android:name="androidx.window.extensions"
114-->[androidx.window:window:1.0.0-beta04] AndroidManifest.xml:26:13-54
115            android:required="false" />
115-->[androidx.window:window:1.0.0-beta04] AndroidManifest.xml:27:13-37
116        <uses-library
116-->[androidx.window:window:1.0.0-beta04] AndroidManifest.xml:28:9-30:40
117            android:name="androidx.window.sidecar"
117-->[androidx.window:window:1.0.0-beta04] AndroidManifest.xml:29:13-51
118            android:required="false" />
118-->[androidx.window:window:1.0.0-beta04] AndroidManifest.xml:30:13-37
119
120        <activity
120-->[com.google.firebase:firebase-auth:21.0.7] AndroidManifest.xml:27:9-44:20
121            android:name="com.google.firebase.auth.internal.GenericIdpActivity"
121-->[com.google.firebase:firebase-auth:21.0.7] AndroidManifest.xml:28:13-80
122            android:excludeFromRecents="true"
122-->[com.google.firebase:firebase-auth:21.0.7] AndroidManifest.xml:29:13-46
123            android:exported="true"
123-->[com.google.firebase:firebase-auth:21.0.7] AndroidManifest.xml:30:13-36
124            android:launchMode="singleTask"
124-->[com.google.firebase:firebase-auth:21.0.7] AndroidManifest.xml:31:13-44
125            android:theme="@android:style/Theme.Translucent.NoTitleBar" >
125-->[com.google.firebase:firebase-auth:21.0.7] AndroidManifest.xml:32:13-72
126            <intent-filter>
126-->[com.google.firebase:firebase-auth:21.0.7] AndroidManifest.xml:33:13-43:29
127                <action android:name="android.intent.action.VIEW" />
127-->[com.google.firebase:firebase-auth:21.0.7] AndroidManifest.xml:34:17-69
127-->[com.google.firebase:firebase-auth:21.0.7] AndroidManifest.xml:34:25-66
128
129                <category android:name="android.intent.category.DEFAULT" />
129-->[com.google.firebase:firebase-auth:21.0.7] AndroidManifest.xml:36:17-76
129-->[com.google.firebase:firebase-auth:21.0.7] AndroidManifest.xml:36:27-73
130                <category android:name="android.intent.category.BROWSABLE" />
130-->[com.google.firebase:firebase-auth:21.0.7] AndroidManifest.xml:37:17-78
130-->[com.google.firebase:firebase-auth:21.0.7] AndroidManifest.xml:37:27-75
131
132                <data
132-->[com.google.firebase:firebase-auth:21.0.7] AndroidManifest.xml:39:17-42:51
133                    android:host="firebase.auth"
133-->[com.google.firebase:firebase-auth:21.0.7] AndroidManifest.xml:40:21-49
134                    android:path="/"
134-->[com.google.firebase:firebase-auth:21.0.7] AndroidManifest.xml:41:21-37
135                    android:scheme="genericidp" />
135-->[com.google.firebase:firebase-auth:21.0.7] AndroidManifest.xml:42:21-48
136            </intent-filter>
137        </activity>
138        <activity
138-->[com.google.firebase:firebase-auth:21.0.7] AndroidManifest.xml:45:9-62:20
139            android:name="com.google.firebase.auth.internal.RecaptchaActivity"
139-->[com.google.firebase:firebase-auth:21.0.7] AndroidManifest.xml:46:13-79
140            android:excludeFromRecents="true"
140-->[com.google.firebase:firebase-auth:21.0.7] AndroidManifest.xml:47:13-46
141            android:exported="true"
141-->[com.google.firebase:firebase-auth:21.0.7] AndroidManifest.xml:48:13-36
142            android:launchMode="singleTask"
142-->[com.google.firebase:firebase-auth:21.0.7] AndroidManifest.xml:49:13-44
143            android:theme="@android:style/Theme.Translucent.NoTitleBar" >
143-->[com.google.firebase:firebase-auth:21.0.7] AndroidManifest.xml:50:13-72
144            <intent-filter>
144-->[com.google.firebase:firebase-auth:21.0.7] AndroidManifest.xml:51:13-61:29
145                <action android:name="android.intent.action.VIEW" />
145-->[com.google.firebase:firebase-auth:21.0.7] AndroidManifest.xml:34:17-69
145-->[com.google.firebase:firebase-auth:21.0.7] AndroidManifest.xml:34:25-66
146
147                <category android:name="android.intent.category.DEFAULT" />
147-->[com.google.firebase:firebase-auth:21.0.7] AndroidManifest.xml:36:17-76
147-->[com.google.firebase:firebase-auth:21.0.7] AndroidManifest.xml:36:27-73
148                <category android:name="android.intent.category.BROWSABLE" />
148-->[com.google.firebase:firebase-auth:21.0.7] AndroidManifest.xml:37:17-78
148-->[com.google.firebase:firebase-auth:21.0.7] AndroidManifest.xml:37:27-75
149
150                <data
150-->[com.google.firebase:firebase-auth:21.0.7] AndroidManifest.xml:39:17-42:51
151                    android:host="firebase.auth"
151-->[com.google.firebase:firebase-auth:21.0.7] AndroidManifest.xml:40:21-49
152                    android:path="/"
152-->[com.google.firebase:firebase-auth:21.0.7] AndroidManifest.xml:41:21-37
153                    android:scheme="recaptcha" />
153-->[com.google.firebase:firebase-auth:21.0.7] AndroidManifest.xml:42:21-48
154            </intent-filter>
155        </activity>
156
157        <provider
157-->[com.google.firebase:firebase-common:20.1.1] AndroidManifest.xml:26:9-31:39
158            android:name="com.google.firebase.provider.FirebaseInitProvider"
158-->[com.google.firebase:firebase-common:20.1.1] AndroidManifest.xml:27:13-77
159            android:authorities="com.example.booknowshow.firebaseinitprovider"
159-->[com.google.firebase:firebase-common:20.1.1] AndroidManifest.xml:28:13-72
160            android:directBootAware="true"
160-->[com.google.firebase:firebase-common:20.1.1] AndroidManifest.xml:29:13-43
161            android:exported="false"
161-->[com.google.firebase:firebase-common:20.1.1] AndroidManifest.xml:30:13-37
162            android:initOrder="100" />
162-->[com.google.firebase:firebase-common:20.1.1] AndroidManifest.xml:31:13-36
163
164        <receiver
164-->[com.razorpay:checkout:1.6.19] AndroidManifest.xml:40:9-46:20
165            android:name="com.razorpay.RzpTokenReceiver"
165-->[com.razorpay:checkout:1.6.19] AndroidManifest.xml:41:13-57
166            android:exported="false" >
166-->[com.razorpay:checkout:1.6.19] AndroidManifest.xml:42:13-37
167            <intent-filter>
167-->[com.razorpay:checkout:1.6.19] AndroidManifest.xml:43:13-45:29
168                <action android:name="rzp.device_token.share" />
168-->[com.razorpay:checkout:1.6.19] AndroidManifest.xml:44:17-65
168-->[com.razorpay:checkout:1.6.19] AndroidManifest.xml:44:25-62
169            </intent-filter>
170        </receiver>
171
172        <activity
172-->[com.razorpay:checkout:1.6.19] AndroidManifest.xml:48:9-60:20
173            android:name="com.razorpay.CheckoutActivity"
173-->[com.razorpay:checkout:1.6.19] AndroidManifest.xml:49:13-57
174            android:configChanges="keyboard|keyboardHidden|orientation|screenSize"
174-->[com.razorpay:checkout:1.6.19] AndroidManifest.xml:50:13-83
175            android:exported="true"
175-->[com.razorpay:checkout:1.6.19] AndroidManifest.xml:51:13-36
176            android:theme="@style/CheckoutTheme" >
176-->[com.razorpay:checkout:1.6.19] AndroidManifest.xml:52:13-49
177            <intent-filter>
177-->[com.razorpay:checkout:1.6.19] AndroidManifest.xml:53:13-59:29
178                <action android:name="android.intent.action.MAIN" />
178-->[com.razorpay:checkout:1.6.19] AndroidManifest.xml:30:13-65
178-->[com.razorpay:checkout:1.6.19] AndroidManifest.xml:30:21-62
179
180                <data
180-->[com.google.firebase:firebase-auth:21.0.7] AndroidManifest.xml:39:17-42:51
181                    android:host="rzp.io"
181-->[com.google.firebase:firebase-auth:21.0.7] AndroidManifest.xml:40:21-49
182                    android:scheme="io.rzp" />
182-->[com.google.firebase:firebase-auth:21.0.7] AndroidManifest.xml:42:21-48
183            </intent-filter>
184        </activity>
185
186        <meta-data
186-->[com.razorpay:checkout:1.6.19] AndroidManifest.xml:62:9-64:58
187            android:name="com.razorpay.plugin.googlepay_all"
187-->[com.razorpay:checkout:1.6.19] AndroidManifest.xml:63:13-61
188            android:value="com.razorpay.RzpGpayMerged" /> <!-- Needs to be explicitly declared on P+ -->
188-->[com.razorpay:checkout:1.6.19] AndroidManifest.xml:64:13-55
189        <uses-library
189-->[com.google.android.gms:play-services-maps:18.0.2] AndroidManifest.xml:39:9-41:40
190            android:name="org.apache.http.legacy"
190-->[com.google.android.gms:play-services-maps:18.0.2] AndroidManifest.xml:40:13-50
191            android:required="false" />
191-->[com.google.android.gms:play-services-maps:18.0.2] AndroidManifest.xml:41:13-37
192
193        <activity
193-->[com.google.android.gms:play-services-auth:20.0.1] AndroidManifest.xml:23:9-27:75
194            android:name="com.google.android.gms.auth.api.signin.internal.SignInHubActivity"
194-->[com.google.android.gms:play-services-auth:20.0.1] AndroidManifest.xml:24:13-93
195            android:excludeFromRecents="true"
195-->[com.google.android.gms:play-services-auth:20.0.1] AndroidManifest.xml:25:13-46
196            android:exported="false"
196-->[com.google.android.gms:play-services-auth:20.0.1] AndroidManifest.xml:26:13-37
197            android:theme="@android:style/Theme.Translucent.NoTitleBar" />
197-->[com.google.android.gms:play-services-auth:20.0.1] AndroidManifest.xml:27:13-72
198        <!--
199            Service handling Google Sign-In user revocation. For apps that do not integrate with
200            Google Sign-In, this service will never be started.
201        -->
202        <service
202-->[com.google.android.gms:play-services-auth:20.0.1] AndroidManifest.xml:33:9-37:51
203            android:name="com.google.android.gms.auth.api.signin.RevocationBoundService"
203-->[com.google.android.gms:play-services-auth:20.0.1] AndroidManifest.xml:34:13-89
204            android:exported="true"
204-->[com.google.android.gms:play-services-auth:20.0.1] AndroidManifest.xml:35:13-36
205            android:permission="com.google.android.gms.auth.api.signin.permission.REVOCATION_NOTIFICATION"
205-->[com.google.android.gms:play-services-auth:20.0.1] AndroidManifest.xml:36:13-107
206            android:visibleToInstantApps="true" />
206-->[com.google.android.gms:play-services-auth:20.0.1] AndroidManifest.xml:37:13-48
207
208        <activity
208-->[com.google.android.gms:play-services-base:18.0.1] AndroidManifest.xml:20:9-22:45
209            android:name="com.google.android.gms.common.api.GoogleApiActivity"
209-->[com.google.android.gms:play-services-base:18.0.1] AndroidManifest.xml:20:19-85
210            android:exported="false"
210-->[com.google.android.gms:play-services-base:18.0.1] AndroidManifest.xml:22:19-43
211            android:theme="@android:style/Theme.Translucent.NoTitleBar" />
211-->[com.google.android.gms:play-services-base:18.0.1] AndroidManifest.xml:21:19-78
212
213        <meta-data
213-->[com.google.android.gms:play-services-basement:18.0.0] AndroidManifest.xml:21:9-23:69
214            android:name="com.google.android.gms.version"
214-->[com.google.android.gms:play-services-basement:18.0.0] AndroidManifest.xml:22:13-58
215            android:value="@integer/google_play_services_version" />
215-->[com.google.android.gms:play-services-basement:18.0.0] AndroidManifest.xml:23:13-66
216    </application>
217
218</manifest>